<?xml version="1.0" encoding="UTF-8"?>
<databaseChangeLog xmlns="http://www.liquibase.org/xml/ns/dbchangelog"
                   xmlns:xsi="http://www.w3.org/2001/XMLSchema-instance"
                   xsi:schemaLocation="http://www.liquibase.org/xml/ns/dbchangelog
                   https://www.liquibase.org/xml/ns/dbchangelog/dbchangelog-latest.xsd">
    <include file="db/init.xml"/>
    <include file="db/init-sealed-documents.xml"/>
    <include file="/db/update-custom-charge-value.xml"/>
    <include file="test-init-data.xml"/>
</databaseChangeLog>
